<?xml version="1.0" encoding="UTF-8"?>
<!-- Generated by org.testng.reporters.JUnitReportReporter -->
<testsuite hostname="DESKTOP-N7JADN3" failures="0" tests="2" name="testCases.Test_001" time="10.805" errors="0" timestamp="2024-05-06T09:26:01 IST" skipped="0">
  <testcase classname="testCases.Test_001" name="testRegistration" time="1.692"/>
  <system-out/>
  <testcase classname="testCases.Test_001" name="testAddItems" time="9.113"/>
  <system-out/>
</testsuite> <!-- testCases.Test_001 -->
