<?xml version="1.0" encoding="UTF-8"?>
<!-- Generated by org.testng.reporters.JUnitReportReporter -->
<testsuite hostname="DESKTOP-EBS1RUL" failures="0" tests="1" name="testCases.Test_002" time="9.309" errors="0" timestamp="2023-12-24T12:36:18 IST" skipped="0">
  <testcase classname="testCases.Test_002" name="testAddItems" time="9.309"/>
</testsuite> <!-- testCases.Test_002 -->
